2024-07-22T14:24:10.610+08:00  INFO 16456 --- [spring-boot-admin-client-b] [main] i.y.sca.admin.SpringBootAdminClientB     : Starting SpringBootAdminClientB using Java 17.0.10 with PID 16456 (D:\spring-cloud-admin\spring-cloud-admin\spring-cloud-admin-SpringBootAdmin\spring-boot-admin-examples\spring-boot-admin-examples-nacos\spring-boot-admin-client-b\target\classes started by Administrator in D:\spring-cloud-admin\spring-cloud-admin)
2024-07-22T14:24:10.614+08:00  INFO 16456 --- [spring-boot-admin-client-b] [main] i.y.sca.admin.SpringBootAdminClientB     : No active profile set, falling back to 1 default profile: "default"
2024-07-22T14:24:11.833+08:00  INFO 16456 --- [spring-boot-admin-client-b] [main] o.s.cloud.context.scope.GenericScope     : BeanFactory id=eafd9310-c8d0-3947-81e7-5276dfdb30bf
2024-07-22T14:24:12.136+08:00  INFO 16456 --- [spring-boot-admin-client-b] [main] o.s.b.w.embedded.tomcat.TomcatWebServer  : Tomcat initialized with port 8085 (http)
2024-07-22T14:24:12.156+08:00  INFO 16456 --- [spring-boot-admin-client-b] [main] o.apache.catalina.core.StandardService   : Starting service [Tomcat]
2024-07-22T14:24:12.157+08:00  INFO 16456 --- [spring-boot-admin-client-b] [main] o.apache.catalina.core.StandardEngine    : Starting Servlet engine: [Apache Tomcat/10.1.19]
2024-07-22T14:24:12.246+08:00  INFO 16456 --- [spring-boot-admin-client-b] [main] o.a.c.c.C.[Tomcat].[localhost].[/]       : Initializing Spring embedded WebApplicationContext
2024-07-22T14:24:12.246+08:00  INFO 16456 --- [spring-boot-admin-client-b] [main] w.s.c.ServletWebServerApplicationContext : Root WebApplicationContext: initialization completed in 1567 ms
2024-07-22T14:24:13.537+08:00  INFO 16456 --- [spring-boot-admin-client-b] [main] o.s.b.a.e.web.EndpointLinksResolver      : Exposing 18 endpoint(s) beneath base path '/actuator'
2024-07-22T14:24:13.612+08:00  INFO 16456 --- [spring-boot-admin-client-b] [main] o.s.b.w.embedded.tomcat.TomcatWebServer  : Tomcat started on port 8085 (http) with context path ''
2024-07-22T14:24:13.618+08:00  INFO 16456 --- [spring-boot-admin-client-b] [main] com.alibaba.nacos.client.naming          : initializer namespace from ans.namespace attribute : null
2024-07-22T14:24:13.621+08:00  INFO 16456 --- [spring-boot-admin-client-b] [main] com.alibaba.nacos.client.naming          : initializer namespace from ALIBABA_ALIWARE_NAMESPACE attribute :null
2024-07-22T14:24:13.622+08:00  INFO 16456 --- [spring-boot-admin-client-b] [main] com.alibaba.nacos.client.naming          : initializer namespace from namespace attribute :null
2024-07-22T14:24:13.623+08:00  INFO 16456 --- [spring-boot-admin-client-b] [Thread-3] c.a.n.c.a.r.identify.CredentialWatcher   : null No credential found
2024-07-22T14:24:13.632+08:00  INFO 16456 --- [spring-boot-admin-client-b] [main] com.alibaba.nacos.client.naming          : FailoverDataSource type is class com.alibaba.nacos.client.naming.backups.datasource.DiskFailoverDataSource
2024-07-22T14:24:13.641+08:00  INFO 16456 --- [spring-boot-admin-client-b] [main] c.alibaba.nacos.client.utils.ParamUtil   : [settings] [req-serv] nacos-server port:8848
2024-07-22T14:24:13.641+08:00  INFO 16456 --- [spring-boot-admin-client-b] [main] c.alibaba.nacos.client.utils.ParamUtil   : [settings] [http-client] connect timeout:1000
2024-07-22T14:24:13.642+08:00  INFO 16456 --- [spring-boot-admin-client-b] [main] c.alibaba.nacos.client.utils.ParamUtil   : PER_TASK_CONFIG_SIZE: 3000.0
2024-07-22T14:24:13.646+08:00  INFO 16456 --- [spring-boot-admin-client-b] [main] c.a.n.p.a.s.c.ClientAuthPluginManager    : [ClientAuthPluginManager] Load ClientAuthService com.alibaba.nacos.client.auth.impl.NacosClientAuthServiceImpl success.
2024-07-22T14:24:13.647+08:00  INFO 16456 --- [spring-boot-admin-client-b] [main] c.a.n.p.a.s.c.ClientAuthPluginManager    : [ClientAuthPluginManager] Load ClientAuthService com.alibaba.nacos.client.auth.ram.RamClientAuthServiceImpl success.
2024-07-22T14:24:13.794+08:00  INFO 16456 --- [spring-boot-admin-client-b] [main] com.alibaba.nacos.common.remote.client   : [RpcClientFactory] create a new rpc client of 52fdf92d-dde7-4c19-82e6-912e138af6ae
2024-07-22T14:24:13.824+08:00  INFO 16456 --- [spring-boot-admin-client-b] [main] com.alibaba.nacos.client.naming          : Create naming rpc client for uuid->52fdf92d-dde7-4c19-82e6-912e138af6ae
2024-07-22T14:24:13.825+08:00  INFO 16456 --- [spring-boot-admin-client-b] [main] com.alibaba.nacos.common.remote.client   : [52fdf92d-dde7-4c19-82e6-912e138af6ae] RpcClient init, ServerListFactory = com.alibaba.nacos.client.naming.core.ServerListManager
2024-07-22T14:24:13.825+08:00  INFO 16456 --- [spring-boot-admin-client-b] [main] com.alibaba.nacos.common.remote.client   : [52fdf92d-dde7-4c19-82e6-912e138af6ae] Registry connection listener to current client:com.alibaba.nacos.client.naming.remote.gprc.redo.NamingGrpcRedoService
2024-07-22T14:24:13.825+08:00  INFO 16456 --- [spring-boot-admin-client-b] [main] com.alibaba.nacos.common.remote.client   : [52fdf92d-dde7-4c19-82e6-912e138af6ae] Register server push request handler:com.alibaba.nacos.client.naming.remote.gprc.NamingPushRequestHandler
2024-07-22T14:24:13.827+08:00  INFO 16456 --- [spring-boot-admin-client-b] [main] com.alibaba.nacos.common.remote.client   : [52fdf92d-dde7-4c19-82e6-912e138af6ae] Try to connect to server on start up, server: {serverIp = '127.0.0.1', server main port = 8848}
2024-07-22T14:24:13.848+08:00  INFO 16456 --- [spring-boot-admin-client-b] [main] c.a.n.c.remote.client.grpc.GrpcClient    : grpc client connection server:127.0.0.1 ip,serverPort:9848,grpcTslConfig:{"sslProvider":"","enableTls":false,"mutualAuthEnable":false,"trustAll":false}
2024-07-22T14:24:14.570+08:00  INFO 16456 --- [spring-boot-admin-client-b] [main] c.a.n.c.a.AbstractAbilityControlManager  : Ready to get current node abilities...
2024-07-22T14:24:14.571+08:00  INFO 16456 --- [spring-boot-admin-client-b] [main] c.a.n.c.a.AbstractAbilityControlManager  : Ready to initialize current node abilities, support modes: [SDK_CLIENT]
2024-07-22T14:24:14.573+08:00  INFO 16456 --- [spring-boot-admin-client-b] [main] c.a.n.c.a.AbstractAbilityControlManager  : Initialize current abilities finish...
2024-07-22T14:24:14.573+08:00  INFO 16456 --- [spring-boot-admin-client-b] [main] c.a.n.c.a.d.NacosAbilityManagerHolder    : [AbilityControlManager] Successfully initialize AbilityControlManager
2024-07-22T14:24:14.594+08:00  INFO 16456 --- [spring-boot-admin-client-b] [main] com.alibaba.nacos.common.remote.client   : [52fdf92d-dde7-4c19-82e6-912e138af6ae] Success to connect to server [127.0.0.1:8848] on start up, connectionId = 1721629454499_127.0.0.1_63320
2024-07-22T14:24:14.596+08:00  INFO 16456 --- [spring-boot-admin-client-b] [com.alibaba.nacos.client.remote.worker.0] com.alibaba.nacos.common.remote.client   : [52fdf92d-dde7-4c19-82e6-912e138af6ae] Notify connected event to listeners.
2024-07-22T14:24:14.596+08:00  INFO 16456 --- [spring-boot-admin-client-b] [main] com.alibaba.nacos.common.remote.client   : [52fdf92d-dde7-4c19-82e6-912e138af6ae] Register server push request handler:com.alibaba.nacos.common.remote.client.RpcClient$ConnectResetRequestHandler
2024-07-22T14:24:14.596+08:00  INFO 16456 --- [spring-boot-admin-client-b] [com.alibaba.nacos.client.remote.worker.0] com.alibaba.nacos.client.naming          : Grpc connection connect
2024-07-22T14:24:14.597+08:00  INFO 16456 --- [spring-boot-admin-client-b] [main] com.alibaba.nacos.common.remote.client   : [52fdf92d-dde7-4c19-82e6-912e138af6ae] Register server push request handler:com.alibaba.nacos.common.remote.client.RpcClient$$Lambda$1053/0x000001fc98658678
2024-07-22T14:24:14.598+08:00  INFO 16456 --- [spring-boot-admin-client-b] [main] com.alibaba.nacos.client.naming          : [REGISTER-SERVICE] public registering service spring-boot-admin-client-b with instance Instance{instanceId='null', ip='192.168.1.6', port=8085, weight=1.0, healthy=true, enabled=true, ephemeral=true, clusterName='DEFAULT', serviceName='null', metadata={IPv6=null, preserved.register.source=SPRING_CLOUD}}
2024-07-22T14:24:14.613+08:00  INFO 16456 --- [spring-boot-admin-client-b] [main] c.a.c.n.registry.NacosServiceRegistry    : nacos registry, DEFAULT_GROUP spring-boot-admin-client-b 192.168.1.6:8085 register finished
2024-07-22T14:24:14.791+08:00  INFO 16456 --- [spring-boot-admin-client-b] [main] i.y.sca.admin.SpringBootAdminClientB     : Started SpringBootAdminClientB in 5.503 seconds (process running for 8.206)
2024-07-22T14:26:01.964+08:00  WARN 16456 --- [spring-boot-admin-client-b] [Thread-5] c.a.nacos.common.notify.NotifyCenter     : [NotifyCenter] Start destroying Publisher
2024-07-22T14:26:01.964+08:00  WARN 16456 --- [spring-boot-admin-client-b] [Thread-7] c.a.n.common.http.HttpClientBeanHolder   : [HttpClientBeanHolder] Start destroying common HttpClient
2024-07-22T14:26:01.965+08:00  WARN 16456 --- [spring-boot-admin-client-b] [Thread-5] c.a.nacos.common.notify.NotifyCenter     : [NotifyCenter] Destruction of the end
2024-07-22T14:26:01.965+08:00  WARN 16456 --- [spring-boot-admin-client-b] [Thread-7] c.a.n.common.http.HttpClientBeanHolder   : [HttpClientBeanHolder] Destruction of the end
2024-07-22T14:26:01.985+08:00  INFO 16456 --- [spring-boot-admin-client-b] [SpringApplicationShutdownHook] c.a.c.n.registry.NacosServiceRegistry    : De-registering from Nacos Server now...
2024-07-22T14:26:01.985+08:00  INFO 16456 --- [spring-boot-admin-client-b] [SpringApplicationShutdownHook] com.alibaba.nacos.client.naming          : [DEREGISTER-SERVICE] public deregistering service spring-boot-admin-client-b with instance: Instance{instanceId='null', ip='192.168.1.6', port=8085, weight=1.0, healthy=true, enabled=true, ephemeral=true, clusterName='DEFAULT', serviceName='null', metadata={}}
2024-07-22T14:26:01.989+08:00  INFO 16456 --- [spring-boot-admin-client-b] [SpringApplicationShutdownHook] c.a.c.n.registry.NacosServiceRegistry    : De-registration finished.
2024-07-22T14:26:01.991+08:00  INFO 16456 --- [spring-boot-admin-client-b] [SpringApplicationShutdownHook] com.alibaba.nacos.client.naming          : com.alibaba.nacos.client.naming.cache.ServiceInfoHolder do shutdown begin
2024-07-22T14:26:01.991+08:00  INFO 16456 --- [spring-boot-admin-client-b] [SpringApplicationShutdownHook] com.alibaba.nacos.client.naming          : com.alibaba.nacos.client.naming.backups.FailoverReactor do shutdown begin
2024-07-22T14:26:01.991+08:00  INFO 16456 --- [spring-boot-admin-client-b] [SpringApplicationShutdownHook] com.alibaba.nacos.client.naming          : com.alibaba.nacos.client.naming.backups.FailoverReactor do shutdown stop
2024-07-22T14:26:01.991+08:00  INFO 16456 --- [spring-boot-admin-client-b] [SpringApplicationShutdownHook] com.alibaba.nacos.client.naming          : com.alibaba.nacos.client.naming.cache.ServiceInfoHolder do shutdown stop
2024-07-22T14:26:01.991+08:00  INFO 16456 --- [spring-boot-admin-client-b] [SpringApplicationShutdownHook] com.alibaba.nacos.client.naming          : com.alibaba.nacos.client.naming.remote.NamingClientProxyDelegate do shutdown begin
2024-07-22T14:26:01.991+08:00  INFO 16456 --- [spring-boot-admin-client-b] [SpringApplicationShutdownHook] com.alibaba.nacos.client.naming          : com.alibaba.nacos.client.naming.core.ServiceInfoUpdateService do shutdown begin
2024-07-22T14:26:01.991+08:00  INFO 16456 --- [spring-boot-admin-client-b] [SpringApplicationShutdownHook] com.alibaba.nacos.client.naming          : com.alibaba.nacos.client.naming.core.ServiceInfoUpdateService do shutdown stop
2024-07-22T14:26:01.991+08:00  INFO 16456 --- [spring-boot-admin-client-b] [SpringApplicationShutdownHook] com.alibaba.nacos.client.naming          : com.alibaba.nacos.client.naming.core.ServerListManager do shutdown begin
2024-07-22T14:26:01.991+08:00  WARN 16456 --- [spring-boot-admin-client-b] [SpringApplicationShutdownHook] com.alibaba.nacos.client.naming          : [NamingHttpClientManager] Start destroying NacosRestTemplate
2024-07-22T14:26:01.991+08:00  WARN 16456 --- [spring-boot-admin-client-b] [SpringApplicationShutdownHook] com.alibaba.nacos.client.naming          : [NamingHttpClientManager] Destruction of the end
2024-07-22T14:26:01.991+08:00  INFO 16456 --- [spring-boot-admin-client-b] [SpringApplicationShutdownHook] com.alibaba.nacos.client.naming          : com.alibaba.nacos.client.naming.core.ServerListManager do shutdown stop
2024-07-22T14:26:01.991+08:00  INFO 16456 --- [spring-boot-admin-client-b] [SpringApplicationShutdownHook] com.alibaba.nacos.client.naming          : com.alibaba.nacos.client.naming.remote.http.NamingHttpClientProxy do shutdown begin
2024-07-22T14:26:01.991+08:00  WARN 16456 --- [spring-boot-admin-client-b] [SpringApplicationShutdownHook] com.alibaba.nacos.client.naming          : [NamingHttpClientManager] Start destroying NacosRestTemplate
2024-07-22T14:26:01.991+08:00  WARN 16456 --- [spring-boot-admin-client-b] [SpringApplicationShutdownHook] com.alibaba.nacos.client.naming          : [NamingHttpClientManager] Destruction of the end
2024-07-22T14:26:01.991+08:00  INFO 16456 --- [spring-boot-admin-client-b] [SpringApplicationShutdownHook] com.alibaba.nacos.client.naming          : com.alibaba.nacos.client.naming.remote.http.NamingHttpClientProxy do shutdown stop
2024-07-22T14:26:01.991+08:00  INFO 16456 --- [spring-boot-admin-client-b] [SpringApplicationShutdownHook] com.alibaba.nacos.client.naming          : Shutdown naming grpc client proxy for  uuid->52fdf92d-dde7-4c19-82e6-912e138af6ae
2024-07-22T14:26:01.991+08:00  INFO 16456 --- [spring-boot-admin-client-b] [SpringApplicationShutdownHook] com.alibaba.nacos.client.naming          : Shutdown grpc redo service executor java.util.concurrent.ScheduledThreadPoolExecutor@4e863ddc[Running, pool size = 1, active threads = 0, queued tasks = 1, completed tasks = 35]
2024-07-22T14:26:01.991+08:00  INFO 16456 --- [spring-boot-admin-client-b] [SpringApplicationShutdownHook] com.alibaba.nacos.common.remote.client   : Shutdown rpc client, set status to shutdown
2024-07-22T14:26:01.991+08:00  INFO 16456 --- [spring-boot-admin-client-b] [SpringApplicationShutdownHook] com.alibaba.nacos.common.remote.client   : Shutdown client event executor java.util.concurrent.ScheduledThreadPoolExecutor@ae1f516[Running, pool size = 2, active threads = 2, queued tasks = 0, completed tasks = 0]
2024-07-22T14:26:01.991+08:00  INFO 16456 --- [spring-boot-admin-client-b] [SpringApplicationShutdownHook] com.alibaba.nacos.common.remote.client   : Close current connection 1721629454499_127.0.0.1_63320
2024-07-22T14:26:01.994+08:00  INFO 16456 --- [spring-boot-admin-client-b] [nacos-grpc-client-executor-127.0.0.1-35] c.a.n.c.remote.client.grpc.GrpcClient    : [1721629454499_127.0.0.1_63320]Ignore complete event,isRunning:false,isAbandon=false
2024-07-22T14:26:01.995+08:00  INFO 16456 --- [spring-boot-admin-client-b] [SpringApplicationShutdownHook] c.a.n.c.remote.client.grpc.GrpcClient    : Shutdown grpc executor java.util.concurrent.ThreadPoolExecutor@54174372[Running, pool size = 4, active threads = 0, queued tasks = 0, completed tasks = 36]
2024-07-22T14:26:01.996+08:00  INFO 16456 --- [spring-boot-admin-client-b] [SpringApplicationShutdownHook] com.alibaba.nacos.client.naming          : shutdown and remove naming rpc client  for uuid ->52fdf92d-dde7-4c19-82e6-912e138af6ae
2024-07-22T14:26:01.996+08:00  INFO 16456 --- [spring-boot-admin-client-b] [SpringApplicationShutdownHook] c.a.n.c.a.r.identify.CredentialWatcher   : [null] CredentialWatcher is stopped
2024-07-22T14:26:01.996+08:00  INFO 16456 --- [spring-boot-admin-client-b] [SpringApplicationShutdownHook] c.a.n.c.a.r.identify.CredentialService   : [null] CredentialService is freed
2024-07-22T14:26:01.996+08:00  INFO 16456 --- [spring-boot-admin-client-b] [SpringApplicationShutdownHook] com.alibaba.nacos.client.naming          : com.alibaba.nacos.client.naming.remote.NamingClientProxyDelegate do shutdown stop
2024-07-22T14:46:21.461+08:00  INFO 17928 --- [spring-boot-admin-client-b] [main] i.y.sca.admin.SpringBootAdminClientB     : Starting SpringBootAdminClientB using Java 17.0.10 with PID 17928 (D:\spring-cloud-admin\spring-cloud-admin\spring-cloud-admin-SpringBootAdmin\spring-boot-admin-examples\spring-boot-admin-examples-nacos\spring-boot-admin-client-b\target\classes started by Administrator in D:\spring-cloud-admin\spring-cloud-admin)
2024-07-22T14:46:21.464+08:00  INFO 17928 --- [spring-boot-admin-client-b] [main] i.y.sca.admin.SpringBootAdminClientB     : No active profile set, falling back to 1 default profile: "default"
2024-07-22T14:46:22.674+08:00  INFO 17928 --- [spring-boot-admin-client-b] [main] o.s.cloud.context.scope.GenericScope     : BeanFactory id=eafd9310-c8d0-3947-81e7-5276dfdb30bf
2024-07-22T14:46:22.942+08:00  INFO 17928 --- [spring-boot-admin-client-b] [main] o.s.b.w.embedded.tomcat.TomcatWebServer  : Tomcat initialized with port 8085 (http)
2024-07-22T14:46:22.952+08:00  INFO 17928 --- [spring-boot-admin-client-b] [main] o.apache.catalina.core.StandardService   : Starting service [Tomcat]
2024-07-22T14:46:22.953+08:00  INFO 17928 --- [spring-boot-admin-client-b] [main] o.apache.catalina.core.StandardEngine    : Starting Servlet engine: [Apache Tomcat/10.1.19]
2024-07-22T14:46:23.012+08:00  INFO 17928 --- [spring-boot-admin-client-b] [main] o.a.c.c.C.[Tomcat].[localhost].[/]       : Initializing Spring embedded WebApplicationContext
2024-07-22T14:46:23.013+08:00  INFO 17928 --- [spring-boot-admin-client-b] [main] w.s.c.ServletWebServerApplicationContext : Root WebApplicationContext: initialization completed in 1489 ms
2024-07-22T14:46:24.073+08:00  INFO 17928 --- [spring-boot-admin-client-b] [main] o.s.b.a.e.web.EndpointLinksResolver      : Exposing 18 endpoint(s) beneath base path '/actuator'
2024-07-22T14:46:24.151+08:00  INFO 17928 --- [spring-boot-admin-client-b] [main] o.s.b.w.embedded.tomcat.TomcatWebServer  : Tomcat started on port 8085 (http) with context path ''
2024-07-22T14:46:24.157+08:00  INFO 17928 --- [spring-boot-admin-client-b] [main] com.alibaba.nacos.client.naming          : initializer namespace from ans.namespace attribute : null
2024-07-22T14:46:24.161+08:00  INFO 17928 --- [spring-boot-admin-client-b] [main] com.alibaba.nacos.client.naming          : initializer namespace from ALIBABA_ALIWARE_NAMESPACE attribute :null
2024-07-22T14:46:24.161+08:00  INFO 17928 --- [spring-boot-admin-client-b] [main] com.alibaba.nacos.client.naming          : initializer namespace from namespace attribute :null
2024-07-22T14:46:24.162+08:00  INFO 17928 --- [spring-boot-admin-client-b] [Thread-3] c.a.n.c.a.r.identify.CredentialWatcher   : null No credential found
2024-07-22T14:46:24.172+08:00  INFO 17928 --- [spring-boot-admin-client-b] [main] com.alibaba.nacos.client.naming          : FailoverDataSource type is class com.alibaba.nacos.client.naming.backups.datasource.DiskFailoverDataSource
2024-07-22T14:46:24.181+08:00  INFO 17928 --- [spring-boot-admin-client-b] [main] c.alibaba.nacos.client.utils.ParamUtil   : [settings] [req-serv] nacos-server port:8848
2024-07-22T14:46:24.181+08:00  INFO 17928 --- [spring-boot-admin-client-b] [main] c.alibaba.nacos.client.utils.ParamUtil   : [settings] [http-client] connect timeout:1000
2024-07-22T14:46:24.182+08:00  INFO 17928 --- [spring-boot-admin-client-b] [main] c.alibaba.nacos.client.utils.ParamUtil   : PER_TASK_CONFIG_SIZE: 3000.0
2024-07-22T14:46:24.188+08:00  INFO 17928 --- [spring-boot-admin-client-b] [main] c.a.n.p.a.s.c.ClientAuthPluginManager    : [ClientAuthPluginManager] Load ClientAuthService com.alibaba.nacos.client.auth.impl.NacosClientAuthServiceImpl success.
2024-07-22T14:46:24.188+08:00  INFO 17928 --- [spring-boot-admin-client-b] [main] c.a.n.p.a.s.c.ClientAuthPluginManager    : [ClientAuthPluginManager] Load ClientAuthService com.alibaba.nacos.client.auth.ram.RamClientAuthServiceImpl success.
2024-07-22T14:46:24.347+08:00  INFO 17928 --- [spring-boot-admin-client-b] [main] com.alibaba.nacos.common.remote.client   : [RpcClientFactory] create a new rpc client of 15276af1-f28a-42a4-a3c5-d439d4728cf5
2024-07-22T14:46:24.368+08:00  INFO 17928 --- [spring-boot-admin-client-b] [main] com.alibaba.nacos.client.naming          : Create naming rpc client for uuid->15276af1-f28a-42a4-a3c5-d439d4728cf5
2024-07-22T14:46:24.369+08:00  INFO 17928 --- [spring-boot-admin-client-b] [main] com.alibaba.nacos.common.remote.client   : [15276af1-f28a-42a4-a3c5-d439d4728cf5] RpcClient init, ServerListFactory = com.alibaba.nacos.client.naming.core.ServerListManager
2024-07-22T14:46:24.369+08:00  INFO 17928 --- [spring-boot-admin-client-b] [main] com.alibaba.nacos.common.remote.client   : [15276af1-f28a-42a4-a3c5-d439d4728cf5] Registry connection listener to current client:com.alibaba.nacos.client.naming.remote.gprc.redo.NamingGrpcRedoService
2024-07-22T14:46:24.370+08:00  INFO 17928 --- [spring-boot-admin-client-b] [main] com.alibaba.nacos.common.remote.client   : [15276af1-f28a-42a4-a3c5-d439d4728cf5] Register server push request handler:com.alibaba.nacos.client.naming.remote.gprc.NamingPushRequestHandler
2024-07-22T14:46:24.371+08:00  INFO 17928 --- [spring-boot-admin-client-b] [main] com.alibaba.nacos.common.remote.client   : [15276af1-f28a-42a4-a3c5-d439d4728cf5] Try to connect to server on start up, server: {serverIp = '127.0.0.1', server main port = 8848}
2024-07-22T14:46:24.393+08:00  INFO 17928 --- [spring-boot-admin-client-b] [main] c.a.n.c.remote.client.grpc.GrpcClient    : grpc client connection server:127.0.0.1 ip,serverPort:9848,grpcTslConfig:{"sslProvider":"","enableTls":false,"mutualAuthEnable":false,"trustAll":false}
2024-07-22T14:46:25.043+08:00  INFO 17928 --- [spring-boot-admin-client-b] [main] c.a.n.c.a.AbstractAbilityControlManager  : Ready to get current node abilities...
2024-07-22T14:46:25.043+08:00  INFO 17928 --- [spring-boot-admin-client-b] [main] c.a.n.c.a.AbstractAbilityControlManager  : Ready to initialize current node abilities, support modes: [SDK_CLIENT]
2024-07-22T14:46:25.043+08:00  INFO 17928 --- [spring-boot-admin-client-b] [main] c.a.n.c.a.AbstractAbilityControlManager  : Initialize current abilities finish...
2024-07-22T14:46:25.044+08:00  INFO 17928 --- [spring-boot-admin-client-b] [main] c.a.n.c.a.d.NacosAbilityManagerHolder    : [AbilityControlManager] Successfully initialize AbilityControlManager
2024-07-22T14:46:25.058+08:00  INFO 17928 --- [spring-boot-admin-client-b] [main] com.alibaba.nacos.common.remote.client   : [15276af1-f28a-42a4-a3c5-d439d4728cf5] Success to connect to server [127.0.0.1:8848] on start up, connectionId = 1721630784977_127.0.0.1_64093
2024-07-22T14:46:25.061+08:00  INFO 17928 --- [spring-boot-admin-client-b] [com.alibaba.nacos.client.remote.worker.0] com.alibaba.nacos.common.remote.client   : [15276af1-f28a-42a4-a3c5-d439d4728cf5] Notify connected event to listeners.
2024-07-22T14:46:25.061+08:00  INFO 17928 --- [spring-boot-admin-client-b] [com.alibaba.nacos.client.remote.worker.0] com.alibaba.nacos.client.naming          : Grpc connection connect
2024-07-22T14:46:25.061+08:00  INFO 17928 --- [spring-boot-admin-client-b] [main] com.alibaba.nacos.common.remote.client   : [15276af1-f28a-42a4-a3c5-d439d4728cf5] Register server push request handler:com.alibaba.nacos.common.remote.client.RpcClient$ConnectResetRequestHandler
2024-07-22T14:46:25.061+08:00  INFO 17928 --- [spring-boot-admin-client-b] [main] com.alibaba.nacos.common.remote.client   : [15276af1-f28a-42a4-a3c5-d439d4728cf5] Register server push request handler:com.alibaba.nacos.common.remote.client.RpcClient$$Lambda$1053/0x000001b7c263d7e8
2024-07-22T14:46:25.062+08:00  INFO 17928 --- [spring-boot-admin-client-b] [main] com.alibaba.nacos.client.naming          : [REGISTER-SERVICE] public registering service spring-boot-admin-client-b with instance Instance{instanceId='null', ip='192.168.1.6', port=8085, weight=1.0, healthy=true, enabled=true, ephemeral=true, clusterName='DEFAULT', serviceName='null', metadata={IPv6=null, preserved.register.source=SPRING_CLOUD}}
2024-07-22T14:46:25.075+08:00  INFO 17928 --- [spring-boot-admin-client-b] [main] c.a.c.n.registry.NacosServiceRegistry    : nacos registry, DEFAULT_GROUP spring-boot-admin-client-b 192.168.1.6:8085 register finished
2024-07-22T14:46:25.246+08:00  INFO 17928 --- [spring-boot-admin-client-b] [main] i.y.sca.admin.SpringBootAdminClientB     : Started SpringBootAdminClientB in 5.011 seconds (process running for 6.14)
2024-07-22T15:05:43.758+08:00  WARN 17928 --- [spring-boot-admin-client-b] [Thread-7] c.a.n.common.http.HttpClientBeanHolder   : [HttpClientBeanHolder] Start destroying common HttpClient
2024-07-22T15:05:43.758+08:00  WARN 17928 --- [spring-boot-admin-client-b] [Thread-5] c.a.nacos.common.notify.NotifyCenter     : [NotifyCenter] Start destroying Publisher
2024-07-22T15:05:43.759+08:00  WARN 17928 --- [spring-boot-admin-client-b] [Thread-5] c.a.nacos.common.notify.NotifyCenter     : [NotifyCenter] Destruction of the end
2024-07-22T15:05:43.760+08:00  WARN 17928 --- [spring-boot-admin-client-b] [Thread-7] c.a.n.common.http.HttpClientBeanHolder   : [HttpClientBeanHolder] Destruction of the end
2024-07-22T15:05:43.792+08:00  INFO 17928 --- [spring-boot-admin-client-b] [SpringApplicationShutdownHook] c.a.c.n.registry.NacosServiceRegistry    : De-registering from Nacos Server now...
2024-07-22T15:05:43.793+08:00  INFO 17928 --- [spring-boot-admin-client-b] [SpringApplicationShutdownHook] com.alibaba.nacos.client.naming          : [DEREGISTER-SERVICE] public deregistering service spring-boot-admin-client-b with instance: Instance{instanceId='null', ip='192.168.1.6', port=8085, weight=1.0, healthy=true, enabled=true, ephemeral=true, clusterName='DEFAULT', serviceName='null', metadata={}}
2024-07-22T15:05:43.808+08:00  INFO 17928 --- [spring-boot-admin-client-b] [SpringApplicationShutdownHook] c.a.c.n.registry.NacosServiceRegistry    : De-registration finished.
2024-07-22T15:05:43.809+08:00  INFO 17928 --- [spring-boot-admin-client-b] [SpringApplicationShutdownHook] com.alibaba.nacos.client.naming          : com.alibaba.nacos.client.naming.cache.ServiceInfoHolder do shutdown begin
2024-07-22T15:05:43.809+08:00  INFO 17928 --- [spring-boot-admin-client-b] [SpringApplicationShutdownHook] com.alibaba.nacos.client.naming          : com.alibaba.nacos.client.naming.backups.FailoverReactor do shutdown begin
2024-07-22T15:05:43.809+08:00  INFO 17928 --- [spring-boot-admin-client-b] [SpringApplicationShutdownHook] com.alibaba.nacos.client.naming          : com.alibaba.nacos.client.naming.backups.FailoverReactor do shutdown stop
2024-07-22T15:05:43.809+08:00  INFO 17928 --- [spring-boot-admin-client-b] [SpringApplicationShutdownHook] com.alibaba.nacos.client.naming          : com.alibaba.nacos.client.naming.cache.ServiceInfoHolder do shutdown stop
2024-07-22T15:05:43.810+08:00  INFO 17928 --- [spring-boot-admin-client-b] [SpringApplicationShutdownHook] com.alibaba.nacos.client.naming          : com.alibaba.nacos.client.naming.remote.NamingClientProxyDelegate do shutdown begin
2024-07-22T15:05:43.810+08:00  INFO 17928 --- [spring-boot-admin-client-b] [SpringApplicationShutdownHook] com.alibaba.nacos.client.naming          : com.alibaba.nacos.client.naming.core.ServiceInfoUpdateService do shutdown begin
2024-07-22T15:05:43.810+08:00  INFO 17928 --- [spring-boot-admin-client-b] [SpringApplicationShutdownHook] com.alibaba.nacos.client.naming          : com.alibaba.nacos.client.naming.core.ServiceInfoUpdateService do shutdown stop
2024-07-22T15:05:43.810+08:00  INFO 17928 --- [spring-boot-admin-client-b] [SpringApplicationShutdownHook] com.alibaba.nacos.client.naming          : com.alibaba.nacos.client.naming.core.ServerListManager do shutdown begin
2024-07-22T15:05:43.810+08:00  WARN 17928 --- [spring-boot-admin-client-b] [SpringApplicationShutdownHook] com.alibaba.nacos.client.naming          : [NamingHttpClientManager] Start destroying NacosRestTemplate
2024-07-22T15:05:43.810+08:00  WARN 17928 --- [spring-boot-admin-client-b] [SpringApplicationShutdownHook] com.alibaba.nacos.client.naming          : [NamingHttpClientManager] Destruction of the end
2024-07-22T15:05:43.810+08:00  INFO 17928 --- [spring-boot-admin-client-b] [SpringApplicationShutdownHook] com.alibaba.nacos.client.naming          : com.alibaba.nacos.client.naming.core.ServerListManager do shutdown stop
2024-07-22T15:05:43.810+08:00  INFO 17928 --- [spring-boot-admin-client-b] [SpringApplicationShutdownHook] com.alibaba.nacos.client.naming          : com.alibaba.nacos.client.naming.remote.http.NamingHttpClientProxy do shutdown begin
2024-07-22T15:05:43.811+08:00  WARN 17928 --- [spring-boot-admin-client-b] [SpringApplicationShutdownHook] com.alibaba.nacos.client.naming          : [NamingHttpClientManager] Start destroying NacosRestTemplate
2024-07-22T15:05:43.811+08:00  WARN 17928 --- [spring-boot-admin-client-b] [SpringApplicationShutdownHook] com.alibaba.nacos.client.naming          : [NamingHttpClientManager] Destruction of the end
2024-07-22T15:05:43.811+08:00  INFO 17928 --- [spring-boot-admin-client-b] [SpringApplicationShutdownHook] com.alibaba.nacos.client.naming          : com.alibaba.nacos.client.naming.remote.http.NamingHttpClientProxy do shutdown stop
2024-07-22T15:05:43.811+08:00  INFO 17928 --- [spring-boot-admin-client-b] [SpringApplicationShutdownHook] com.alibaba.nacos.client.naming          : Shutdown naming grpc client proxy for  uuid->15276af1-f28a-42a4-a3c5-d439d4728cf5
2024-07-22T15:05:43.811+08:00  INFO 17928 --- [spring-boot-admin-client-b] [SpringApplicationShutdownHook] com.alibaba.nacos.client.naming          : Shutdown grpc redo service executor java.util.concurrent.ScheduledThreadPoolExecutor@77fa9e48[Running, pool size = 1, active threads = 0, queued tasks = 1, completed tasks = 385]
2024-07-22T15:05:43.811+08:00  INFO 17928 --- [spring-boot-admin-client-b] [SpringApplicationShutdownHook] com.alibaba.nacos.common.remote.client   : Shutdown rpc client, set status to shutdown
2024-07-22T15:05:43.811+08:00  INFO 17928 --- [spring-boot-admin-client-b] [SpringApplicationShutdownHook] com.alibaba.nacos.common.remote.client   : Shutdown client event executor java.util.concurrent.ScheduledThreadPoolExecutor@656184d5[Running, pool size = 2, active threads = 2, queued tasks = 0, completed tasks = 0]
2024-07-22T15:05:43.811+08:00  INFO 17928 --- [spring-boot-admin-client-b] [SpringApplicationShutdownHook] com.alibaba.nacos.common.remote.client   : Close current connection 1721630784977_127.0.0.1_64093
2024-07-22T15:05:43.813+08:00  INFO 17928 --- [spring-boot-admin-client-b] [nacos-grpc-client-executor-127.0.0.1-256] c.a.n.c.remote.client.grpc.GrpcClient    : [1721630784977_127.0.0.1_64093]Ignore complete event,isRunning:false,isAbandon=false
2024-07-22T15:05:43.819+08:00  INFO 17928 --- [spring-boot-admin-client-b] [SpringApplicationShutdownHook] c.a.n.c.remote.client.grpc.GrpcClient    : Shutdown grpc executor java.util.concurrent.ThreadPoolExecutor@6e2580c0[Running, pool size = 5, active threads = 0, queued tasks = 0, completed tasks = 257]
2024-07-22T15:05:43.820+08:00  INFO 17928 --- [spring-boot-admin-client-b] [SpringApplicationShutdownHook] com.alibaba.nacos.client.naming          : shutdown and remove naming rpc client  for uuid ->15276af1-f28a-42a4-a3c5-d439d4728cf5
2024-07-22T15:05:43.821+08:00  INFO 17928 --- [spring-boot-admin-client-b] [SpringApplicationShutdownHook] c.a.n.c.a.r.identify.CredentialWatcher   : [null] CredentialWatcher is stopped
2024-07-22T15:05:43.821+08:00  INFO 17928 --- [spring-boot-admin-client-b] [SpringApplicationShutdownHook] c.a.n.c.a.r.identify.CredentialService   : [null] CredentialService is freed
2024-07-22T15:05:43.821+08:00  INFO 17928 --- [spring-boot-admin-client-b] [SpringApplicationShutdownHook] com.alibaba.nacos.client.naming          : com.alibaba.nacos.client.naming.remote.NamingClientProxyDelegate do shutdown stop
