2024-07-22T14:22:57.613+08:00  INFO 2484 --- [spring-boot-admin-server-b] [main] i.y.sca.admin.SpringBootAdminServerB     : Starting SpringBootAdminServerB using Java 17.0.10 with PID 2484 (D:\spring-cloud-admin\spring-cloud-admin\spring-cloud-admin-SpringBootAdmin\spring-boot-admin-examples\spring-boot-admin-examples-nacos\spring-boot-admin-server-b\target\classes started by Administrator in D:\spring-cloud-admin\spring-cloud-admin)
2024-07-22T14:22:57.616+08:00  INFO 2484 --- [spring-boot-admin-server-b] [main] i.y.sca.admin.SpringBootAdminServerB     : No active profile set, falling back to 1 default profile: "default"
2024-07-22T14:22:58.985+08:00  INFO 2484 --- [spring-boot-admin-server-b] [main] o.s.cloud.context.scope.GenericScope     : BeanFactory id=b2586a4b-5a34-390a-bccd-3e1f45ebd3b8
2024-07-22T14:22:59.462+08:00  WARN 2484 --- [spring-boot-admin-server-b] [main] ion$DefaultTemplateResolverConfiguration : Cannot find template location: classpath:/templates/ (please add some templates, check your Thymeleaf configuration, or set spring.thymeleaf.check-template-location=false)
2024-07-22T14:23:00.222+08:00  INFO 2484 --- [spring-boot-admin-server-b] [main] o.s.b.a.e.web.EndpointLinksResolver      : Exposing 18 endpoint(s) beneath base path '/actuator'
2024-07-22T14:23:01.060+08:00  INFO 2484 --- [spring-boot-admin-server-b] [main] o.s.b.web.embedded.netty.NettyWebServer  : Netty started on port 8080
2024-07-22T14:23:01.228+08:00  INFO 2484 --- [spring-boot-admin-server-b] [main] com.alibaba.nacos.client.naming          : initializer namespace from ans.namespace attribute : null
2024-07-22T14:23:01.230+08:00  INFO 2484 --- [spring-boot-admin-server-b] [main] com.alibaba.nacos.client.naming          : initializer namespace from ALIBABA_ALIWARE_NAMESPACE attribute :null
2024-07-22T14:23:01.231+08:00  INFO 2484 --- [spring-boot-admin-server-b] [main] com.alibaba.nacos.client.naming          : initializer namespace from namespace attribute :null
2024-07-22T14:23:01.231+08:00  INFO 2484 --- [spring-boot-admin-server-b] [Thread-13] c.a.n.c.a.r.identify.CredentialWatcher   : null No credential found
2024-07-22T14:23:01.242+08:00  INFO 2484 --- [spring-boot-admin-server-b] [main] com.alibaba.nacos.client.naming          : FailoverDataSource type is class com.alibaba.nacos.client.naming.backups.datasource.DiskFailoverDataSource
2024-07-22T14:23:01.253+08:00  INFO 2484 --- [spring-boot-admin-server-b] [main] c.alibaba.nacos.client.utils.ParamUtil   : [settings] [req-serv] nacos-server port:8848
2024-07-22T14:23:01.253+08:00  INFO 2484 --- [spring-boot-admin-server-b] [main] c.alibaba.nacos.client.utils.ParamUtil   : [settings] [http-client] connect timeout:1000
2024-07-22T14:23:01.254+08:00  INFO 2484 --- [spring-boot-admin-server-b] [main] c.alibaba.nacos.client.utils.ParamUtil   : PER_TASK_CONFIG_SIZE: 3000.0
2024-07-22T14:23:01.259+08:00  INFO 2484 --- [spring-boot-admin-server-b] [main] c.a.n.p.a.s.c.ClientAuthPluginManager    : [ClientAuthPluginManager] Load ClientAuthService com.alibaba.nacos.client.auth.impl.NacosClientAuthServiceImpl success.
2024-07-22T14:23:01.260+08:00  INFO 2484 --- [spring-boot-admin-server-b] [main] c.a.n.p.a.s.c.ClientAuthPluginManager    : [ClientAuthPluginManager] Load ClientAuthService com.alibaba.nacos.client.auth.ram.RamClientAuthServiceImpl success.
2024-07-22T14:23:02.727+08:00  INFO 2484 --- [spring-boot-admin-server-b] [main] com.alibaba.nacos.common.remote.client   : [RpcClientFactory] create a new rpc client of 3681504a-93bd-4a80-97a9-dd16c1745c33
2024-07-22T14:23:02.751+08:00  INFO 2484 --- [spring-boot-admin-server-b] [main] com.alibaba.nacos.client.naming          : Create naming rpc client for uuid->3681504a-93bd-4a80-97a9-dd16c1745c33
2024-07-22T14:23:02.752+08:00  INFO 2484 --- [spring-boot-admin-server-b] [main] com.alibaba.nacos.common.remote.client   : [3681504a-93bd-4a80-97a9-dd16c1745c33] RpcClient init, ServerListFactory = com.alibaba.nacos.client.naming.core.ServerListManager
2024-07-22T14:23:02.752+08:00  INFO 2484 --- [spring-boot-admin-server-b] [main] com.alibaba.nacos.common.remote.client   : [3681504a-93bd-4a80-97a9-dd16c1745c33] Registry connection listener to current client:com.alibaba.nacos.client.naming.remote.gprc.redo.NamingGrpcRedoService
2024-07-22T14:23:02.753+08:00  INFO 2484 --- [spring-boot-admin-server-b] [main] com.alibaba.nacos.common.remote.client   : [3681504a-93bd-4a80-97a9-dd16c1745c33] Register server push request handler:com.alibaba.nacos.client.naming.remote.gprc.NamingPushRequestHandler
2024-07-22T14:23:02.754+08:00  INFO 2484 --- [spring-boot-admin-server-b] [main] com.alibaba.nacos.common.remote.client   : [3681504a-93bd-4a80-97a9-dd16c1745c33] Try to connect to server on start up, server: {serverIp = '127.0.0.1', server main port = 8848}
2024-07-22T14:23:02.777+08:00  INFO 2484 --- [spring-boot-admin-server-b] [main] c.a.n.c.remote.client.grpc.GrpcClient    : grpc client connection server:127.0.0.1 ip,serverPort:9848,grpcTslConfig:{"sslProvider":"","enableTls":false,"mutualAuthEnable":false,"trustAll":false}
2024-07-22T14:23:03.730+08:00  INFO 2484 --- [spring-boot-admin-server-b] [main] c.a.n.c.a.AbstractAbilityControlManager  : Ready to get current node abilities...
2024-07-22T14:23:03.733+08:00  INFO 2484 --- [spring-boot-admin-server-b] [main] c.a.n.c.a.AbstractAbilityControlManager  : Ready to initialize current node abilities, support modes: [SDK_CLIENT]
2024-07-22T14:23:03.735+08:00  INFO 2484 --- [spring-boot-admin-server-b] [main] c.a.n.c.a.AbstractAbilityControlManager  : Initialize current abilities finish...
2024-07-22T14:23:03.735+08:00  INFO 2484 --- [spring-boot-admin-server-b] [main] c.a.n.c.a.d.NacosAbilityManagerHolder    : [AbilityControlManager] Successfully initialize AbilityControlManager
2024-07-22T14:23:04.009+08:00  INFO 2484 --- [spring-boot-admin-server-b] [main] com.alibaba.nacos.common.remote.client   : [3681504a-93bd-4a80-97a9-dd16c1745c33] Success to connect to server [127.0.0.1:8848] on start up, connectionId = 1721629383541_127.0.0.1_63281
2024-07-22T14:23:04.010+08:00  INFO 2484 --- [spring-boot-admin-server-b] [com.alibaba.nacos.client.remote.worker.0] com.alibaba.nacos.common.remote.client   : [3681504a-93bd-4a80-97a9-dd16c1745c33] Notify connected event to listeners.
2024-07-22T14:23:04.010+08:00  INFO 2484 --- [spring-boot-admin-server-b] [main] com.alibaba.nacos.common.remote.client   : [3681504a-93bd-4a80-97a9-dd16c1745c33] Register server push request handler:com.alibaba.nacos.common.remote.client.RpcClient$ConnectResetRequestHandler
2024-07-22T14:23:04.010+08:00  INFO 2484 --- [spring-boot-admin-server-b] [com.alibaba.nacos.client.remote.worker.0] com.alibaba.nacos.client.naming          : Grpc connection connect
2024-07-22T14:23:04.011+08:00  INFO 2484 --- [spring-boot-admin-server-b] [main] com.alibaba.nacos.common.remote.client   : [3681504a-93bd-4a80-97a9-dd16c1745c33] Register server push request handler:com.alibaba.nacos.common.remote.client.RpcClient$$Lambda$1185/0x00000230307116e8
2024-07-22T14:23:04.012+08:00  INFO 2484 --- [spring-boot-admin-server-b] [main] com.alibaba.nacos.client.naming          : [REGISTER-SERVICE] public registering service spring-boot-admin-server-b with instance Instance{instanceId='null', ip='192.168.1.6', port=8080, weight=1.0, healthy=true, enabled=true, ephemeral=true, clusterName='DEFAULT', serviceName='null', metadata={IPv6=null, preserved.register.source=SPRING_CLOUD}}
2024-07-22T14:23:04.248+08:00  INFO 2484 --- [spring-boot-admin-server-b] [main] c.a.c.n.registry.NacosServiceRegistry    : nacos registry, DEFAULT_GROUP spring-boot-admin-server-b 192.168.1.6:8080 register finished
2024-07-22T14:23:04.431+08:00  INFO 2484 --- [spring-boot-admin-server-b] [main] i.y.sca.admin.SpringBootAdminServerB     : Started SpringBootAdminServerB in 8.87 seconds (process running for 10.787)
2024-07-22T14:26:01.882+08:00  WARN 2484 --- [spring-boot-admin-server-b] [Thread-15] c.a.nacos.common.notify.NotifyCenter     : [NotifyCenter] Start destroying Publisher
2024-07-22T14:26:01.882+08:00  WARN 2484 --- [spring-boot-admin-server-b] [Thread-17] c.a.n.common.http.HttpClientBeanHolder   : [HttpClientBeanHolder] Start destroying common HttpClient
2024-07-22T14:26:01.882+08:00  WARN 2484 --- [spring-boot-admin-server-b] [Thread-15] c.a.nacos.common.notify.NotifyCenter     : [NotifyCenter] Destruction of the end
2024-07-22T14:26:01.883+08:00  WARN 2484 --- [spring-boot-admin-server-b] [Thread-17] c.a.n.common.http.HttpClientBeanHolder   : [HttpClientBeanHolder] Destruction of the end
2024-07-22T14:26:03.968+08:00  INFO 2484 --- [spring-boot-admin-server-b] [SpringApplicationShutdownHook] c.a.c.n.registry.NacosServiceRegistry    : De-registering from Nacos Server now...
2024-07-22T14:26:03.968+08:00  INFO 2484 --- [spring-boot-admin-server-b] [SpringApplicationShutdownHook] com.alibaba.nacos.client.naming          : [DEREGISTER-SERVICE] public deregistering service spring-boot-admin-server-b with instance: Instance{instanceId='null', ip='192.168.1.6', port=8080, weight=1.0, healthy=true, enabled=true, ephemeral=true, clusterName='DEFAULT', serviceName='null', metadata={}}
2024-07-22T14:26:03.977+08:00  INFO 2484 --- [spring-boot-admin-server-b] [SpringApplicationShutdownHook] c.a.c.n.registry.NacosServiceRegistry    : De-registration finished.
2024-07-22T14:26:03.979+08:00  INFO 2484 --- [spring-boot-admin-server-b] [SpringApplicationShutdownHook] com.alibaba.nacos.client.naming          : com.alibaba.nacos.client.naming.cache.ServiceInfoHolder do shutdown begin
2024-07-22T14:26:03.979+08:00  INFO 2484 --- [spring-boot-admin-server-b] [SpringApplicationShutdownHook] com.alibaba.nacos.client.naming          : com.alibaba.nacos.client.naming.backups.FailoverReactor do shutdown begin
2024-07-22T14:26:03.979+08:00  INFO 2484 --- [spring-boot-admin-server-b] [SpringApplicationShutdownHook] com.alibaba.nacos.client.naming          : com.alibaba.nacos.client.naming.backups.FailoverReactor do shutdown stop
2024-07-22T14:26:03.979+08:00  INFO 2484 --- [spring-boot-admin-server-b] [SpringApplicationShutdownHook] com.alibaba.nacos.client.naming          : com.alibaba.nacos.client.naming.cache.ServiceInfoHolder do shutdown stop
2024-07-22T14:26:03.980+08:00  INFO 2484 --- [spring-boot-admin-server-b] [SpringApplicationShutdownHook] com.alibaba.nacos.client.naming          : com.alibaba.nacos.client.naming.remote.NamingClientProxyDelegate do shutdown begin
2024-07-22T14:26:03.980+08:00  INFO 2484 --- [spring-boot-admin-server-b] [SpringApplicationShutdownHook] com.alibaba.nacos.client.naming          : com.alibaba.nacos.client.naming.core.ServiceInfoUpdateService do shutdown begin
2024-07-22T14:26:03.980+08:00  INFO 2484 --- [spring-boot-admin-server-b] [SpringApplicationShutdownHook] com.alibaba.nacos.client.naming          : com.alibaba.nacos.client.naming.core.ServiceInfoUpdateService do shutdown stop
2024-07-22T14:26:03.980+08:00  INFO 2484 --- [spring-boot-admin-server-b] [SpringApplicationShutdownHook] com.alibaba.nacos.client.naming          : com.alibaba.nacos.client.naming.core.ServerListManager do shutdown begin
2024-07-22T14:26:03.980+08:00  WARN 2484 --- [spring-boot-admin-server-b] [SpringApplicationShutdownHook] com.alibaba.nacos.client.naming          : [NamingHttpClientManager] Start destroying NacosRestTemplate
2024-07-22T14:26:03.980+08:00  WARN 2484 --- [spring-boot-admin-server-b] [SpringApplicationShutdownHook] com.alibaba.nacos.client.naming          : [NamingHttpClientManager] Destruction of the end
2024-07-22T14:26:03.980+08:00  INFO 2484 --- [spring-boot-admin-server-b] [SpringApplicationShutdownHook] com.alibaba.nacos.client.naming          : com.alibaba.nacos.client.naming.core.ServerListManager do shutdown stop
2024-07-22T14:26:03.980+08:00  INFO 2484 --- [spring-boot-admin-server-b] [SpringApplicationShutdownHook] com.alibaba.nacos.client.naming          : com.alibaba.nacos.client.naming.remote.http.NamingHttpClientProxy do shutdown begin
2024-07-22T14:26:03.980+08:00  WARN 2484 --- [spring-boot-admin-server-b] [SpringApplicationShutdownHook] com.alibaba.nacos.client.naming          : [NamingHttpClientManager] Start destroying NacosRestTemplate
2024-07-22T14:26:03.980+08:00  WARN 2484 --- [spring-boot-admin-server-b] [SpringApplicationShutdownHook] com.alibaba.nacos.client.naming          : [NamingHttpClientManager] Destruction of the end
2024-07-22T14:26:03.980+08:00  INFO 2484 --- [spring-boot-admin-server-b] [SpringApplicationShutdownHook] com.alibaba.nacos.client.naming          : com.alibaba.nacos.client.naming.remote.http.NamingHttpClientProxy do shutdown stop
2024-07-22T14:26:03.980+08:00  INFO 2484 --- [spring-boot-admin-server-b] [SpringApplicationShutdownHook] com.alibaba.nacos.client.naming          : Shutdown naming grpc client proxy for  uuid->3681504a-93bd-4a80-97a9-dd16c1745c33
2024-07-22T14:26:03.980+08:00  INFO 2484 --- [spring-boot-admin-server-b] [SpringApplicationShutdownHook] com.alibaba.nacos.client.naming          : Shutdown grpc redo service executor java.util.concurrent.ScheduledThreadPoolExecutor@382a5a39[Running, pool size = 1, active threads = 0, queued tasks = 1, completed tasks = 60]
2024-07-22T14:26:03.981+08:00  INFO 2484 --- [spring-boot-admin-server-b] [SpringApplicationShutdownHook] com.alibaba.nacos.common.remote.client   : Shutdown rpc client, set status to shutdown
2024-07-22T14:26:03.981+08:00  INFO 2484 --- [spring-boot-admin-server-b] [SpringApplicationShutdownHook] com.alibaba.nacos.common.remote.client   : Shutdown client event executor java.util.concurrent.ScheduledThreadPoolExecutor@333f12fc[Running, pool size = 2, active threads = 2, queued tasks = 0, completed tasks = 0]
2024-07-22T14:26:03.981+08:00  INFO 2484 --- [spring-boot-admin-server-b] [SpringApplicationShutdownHook] com.alibaba.nacos.common.remote.client   : Close current connection 1721629383541_127.0.0.1_63281
2024-07-22T14:26:03.983+08:00  INFO 2484 --- [spring-boot-admin-server-b] [nacos-grpc-client-executor-127.0.0.1-66] c.a.n.c.remote.client.grpc.GrpcClient    : [1721629383541_127.0.0.1_63281]Ignore complete event,isRunning:false,isAbandon=false
2024-07-22T14:26:03.986+08:00  INFO 2484 --- [spring-boot-admin-server-b] [SpringApplicationShutdownHook] c.a.n.c.remote.client.grpc.GrpcClient    : Shutdown grpc executor java.util.concurrent.ThreadPoolExecutor@708a56be[Running, pool size = 5, active threads = 0, queued tasks = 0, completed tasks = 67]
2024-07-22T14:26:03.988+08:00  INFO 2484 --- [spring-boot-admin-server-b] [SpringApplicationShutdownHook] com.alibaba.nacos.client.naming          : shutdown and remove naming rpc client  for uuid ->3681504a-93bd-4a80-97a9-dd16c1745c33
2024-07-22T14:26:03.990+08:00  INFO 2484 --- [spring-boot-admin-server-b] [SpringApplicationShutdownHook] c.a.n.c.a.r.identify.CredentialWatcher   : [null] CredentialWatcher is stopped
2024-07-22T14:26:03.990+08:00  INFO 2484 --- [spring-boot-admin-server-b] [SpringApplicationShutdownHook] c.a.n.c.a.r.identify.CredentialService   : [null] CredentialService is freed
2024-07-22T14:26:03.991+08:00  INFO 2484 --- [spring-boot-admin-server-b] [SpringApplicationShutdownHook] com.alibaba.nacos.client.naming          : com.alibaba.nacos.client.naming.remote.NamingClientProxyDelegate do shutdown stop
2024-07-22T14:44:42.583+08:00  INFO 6416 --- [spring-boot-admin-server-b] [main] i.y.sca.admin.SpringBootAdminServerB     : Starting SpringBootAdminServerB using Java 17.0.10 with PID 6416 (D:\spring-cloud-admin\spring-cloud-admin\spring-cloud-admin-SpringBootAdmin\spring-boot-admin-examples\spring-boot-admin-examples-nacos\spring-boot-admin-server-b\target\classes started by Administrator in D:\spring-cloud-admin\spring-cloud-admin)
2024-07-22T14:44:42.585+08:00  INFO 6416 --- [spring-boot-admin-server-b] [main] i.y.sca.admin.SpringBootAdminServerB     : No active profile set, falling back to 1 default profile: "default"
2024-07-22T14:44:43.546+08:00  INFO 6416 --- [spring-boot-admin-server-b] [main] o.s.cloud.context.scope.GenericScope     : BeanFactory id=b2586a4b-5a34-390a-bccd-3e1f45ebd3b8
2024-07-22T14:44:43.968+08:00  WARN 6416 --- [spring-boot-admin-server-b] [main] ion$DefaultTemplateResolverConfiguration : Cannot find template location: classpath:/templates/ (please add some templates, check your Thymeleaf configuration, or set spring.thymeleaf.check-template-location=false)
2024-07-22T14:44:44.711+08:00  INFO 6416 --- [spring-boot-admin-server-b] [main] o.s.b.a.e.web.EndpointLinksResolver      : Exposing 18 endpoint(s) beneath base path '/actuator'
2024-07-22T14:44:45.491+08:00  INFO 6416 --- [spring-boot-admin-server-b] [main] o.s.b.web.embedded.netty.NettyWebServer  : Netty started on port 8080
2024-07-22T14:44:45.662+08:00  INFO 6416 --- [spring-boot-admin-server-b] [main] com.alibaba.nacos.client.naming          : initializer namespace from ans.namespace attribute : null
2024-07-22T14:44:45.664+08:00  INFO 6416 --- [spring-boot-admin-server-b] [main] com.alibaba.nacos.client.naming          : initializer namespace from ALIBABA_ALIWARE_NAMESPACE attribute :null
2024-07-22T14:44:45.664+08:00  INFO 6416 --- [spring-boot-admin-server-b] [main] com.alibaba.nacos.client.naming          : initializer namespace from namespace attribute :null
2024-07-22T14:44:45.665+08:00  INFO 6416 --- [spring-boot-admin-server-b] [Thread-13] c.a.n.c.a.r.identify.CredentialWatcher   : null No credential found
2024-07-22T14:44:45.677+08:00  INFO 6416 --- [spring-boot-admin-server-b] [main] com.alibaba.nacos.client.naming          : FailoverDataSource type is class com.alibaba.nacos.client.naming.backups.datasource.DiskFailoverDataSource
2024-07-22T14:44:45.691+08:00  INFO 6416 --- [spring-boot-admin-server-b] [main] c.alibaba.nacos.client.utils.ParamUtil   : [settings] [req-serv] nacos-server port:8848
2024-07-22T14:44:45.691+08:00  INFO 6416 --- [spring-boot-admin-server-b] [main] c.alibaba.nacos.client.utils.ParamUtil   : [settings] [http-client] connect timeout:1000
2024-07-22T14:44:45.692+08:00  INFO 6416 --- [spring-boot-admin-server-b] [main] c.alibaba.nacos.client.utils.ParamUtil   : PER_TASK_CONFIG_SIZE: 3000.0
2024-07-22T14:44:45.698+08:00  INFO 6416 --- [spring-boot-admin-server-b] [main] c.a.n.p.a.s.c.ClientAuthPluginManager    : [ClientAuthPluginManager] Load ClientAuthService com.alibaba.nacos.client.auth.impl.NacosClientAuthServiceImpl success.
2024-07-22T14:44:45.698+08:00  INFO 6416 --- [spring-boot-admin-server-b] [main] c.a.n.p.a.s.c.ClientAuthPluginManager    : [ClientAuthPluginManager] Load ClientAuthService com.alibaba.nacos.client.auth.ram.RamClientAuthServiceImpl success.
2024-07-22T14:44:45.844+08:00  INFO 6416 --- [spring-boot-admin-server-b] [main] com.alibaba.nacos.common.remote.client   : [RpcClientFactory] create a new rpc client of 0d336f67-4af6-4d81-9bc4-21f887e1e94a
2024-07-22T14:44:45.872+08:00  INFO 6416 --- [spring-boot-admin-server-b] [main] com.alibaba.nacos.client.naming          : Create naming rpc client for uuid->0d336f67-4af6-4d81-9bc4-21f887e1e94a
2024-07-22T14:44:45.872+08:00  INFO 6416 --- [spring-boot-admin-server-b] [main] com.alibaba.nacos.common.remote.client   : [0d336f67-4af6-4d81-9bc4-21f887e1e94a] RpcClient init, ServerListFactory = com.alibaba.nacos.client.naming.core.ServerListManager
2024-07-22T14:44:45.872+08:00  INFO 6416 --- [spring-boot-admin-server-b] [main] com.alibaba.nacos.common.remote.client   : [0d336f67-4af6-4d81-9bc4-21f887e1e94a] Registry connection listener to current client:com.alibaba.nacos.client.naming.remote.gprc.redo.NamingGrpcRedoService
2024-07-22T14:44:45.873+08:00  INFO 6416 --- [spring-boot-admin-server-b] [main] com.alibaba.nacos.common.remote.client   : [0d336f67-4af6-4d81-9bc4-21f887e1e94a] Register server push request handler:com.alibaba.nacos.client.naming.remote.gprc.NamingPushRequestHandler
2024-07-22T14:44:45.875+08:00  INFO 6416 --- [spring-boot-admin-server-b] [main] com.alibaba.nacos.common.remote.client   : [0d336f67-4af6-4d81-9bc4-21f887e1e94a] Try to connect to server on start up, server: {serverIp = '127.0.0.1', server main port = 8848}
2024-07-22T14:44:45.878+08:00  INFO 6416 --- [spring-boot-admin-server-b] [main] c.a.n.c.remote.client.grpc.GrpcClient    : grpc client connection server:127.0.0.1 ip,serverPort:9848,grpcTslConfig:{"sslProvider":"","enableTls":false,"mutualAuthEnable":false,"trustAll":false}
2024-07-22T14:44:46.706+08:00  INFO 6416 --- [spring-boot-admin-server-b] [main] c.a.n.c.a.AbstractAbilityControlManager  : Ready to get current node abilities...
2024-07-22T14:44:46.708+08:00  INFO 6416 --- [spring-boot-admin-server-b] [main] c.a.n.c.a.AbstractAbilityControlManager  : Ready to initialize current node abilities, support modes: [SDK_CLIENT]
2024-07-22T14:44:46.709+08:00  INFO 6416 --- [spring-boot-admin-server-b] [main] c.a.n.c.a.AbstractAbilityControlManager  : Initialize current abilities finish...
2024-07-22T14:44:46.710+08:00  INFO 6416 --- [spring-boot-admin-server-b] [main] c.a.n.c.a.d.NacosAbilityManagerHolder    : [AbilityControlManager] Successfully initialize AbilityControlManager
2024-07-22T14:44:46.724+08:00  INFO 6416 --- [spring-boot-admin-server-b] [main] com.alibaba.nacos.common.remote.client   : [0d336f67-4af6-4d81-9bc4-21f887e1e94a] Success to connect to server [127.0.0.1:8848] on start up, connectionId = 1721630686629_127.0.0.1_64056
2024-07-22T14:44:46.724+08:00  INFO 6416 --- [spring-boot-admin-server-b] [com.alibaba.nacos.client.remote.worker.0] com.alibaba.nacos.common.remote.client   : [0d336f67-4af6-4d81-9bc4-21f887e1e94a] Notify connected event to listeners.
2024-07-22T14:44:46.724+08:00  INFO 6416 --- [spring-boot-admin-server-b] [com.alibaba.nacos.client.remote.worker.0] com.alibaba.nacos.client.naming          : Grpc connection connect
2024-07-22T14:44:46.724+08:00  INFO 6416 --- [spring-boot-admin-server-b] [main] com.alibaba.nacos.common.remote.client   : [0d336f67-4af6-4d81-9bc4-21f887e1e94a] Register server push request handler:com.alibaba.nacos.common.remote.client.RpcClient$ConnectResetRequestHandler
2024-07-22T14:44:46.725+08:00  INFO 6416 --- [spring-boot-admin-server-b] [main] com.alibaba.nacos.common.remote.client   : [0d336f67-4af6-4d81-9bc4-21f887e1e94a] Register server push request handler:com.alibaba.nacos.common.remote.client.RpcClient$$Lambda$1289/0x000001e101759f58
2024-07-22T14:44:46.727+08:00  INFO 6416 --- [spring-boot-admin-server-b] [main] com.alibaba.nacos.client.naming          : [REGISTER-SERVICE] public registering service spring-boot-admin-server-b with instance Instance{instanceId='null', ip='192.168.1.6', port=8080, weight=1.0, healthy=true, enabled=true, ephemeral=true, clusterName='DEFAULT', serviceName='null', metadata={IPv6=null, preserved.register.source=SPRING_CLOUD}}
2024-07-22T14:44:46.740+08:00  INFO 6416 --- [spring-boot-admin-server-b] [main] c.a.c.n.registry.NacosServiceRegistry    : nacos registry, DEFAULT_GROUP spring-boot-admin-server-b 192.168.1.6:8080 register finished
2024-07-22T14:44:46.910+08:00  INFO 6416 --- [spring-boot-admin-server-b] [main] i.y.sca.admin.SpringBootAdminServerB     : Started SpringBootAdminServerB in 5.266 seconds (process running for 6.578)
2024-07-22T15:05:43.692+08:00  WARN 6416 --- [spring-boot-admin-server-b] [Thread-15] c.a.nacos.common.notify.NotifyCenter     : [NotifyCenter] Start destroying Publisher
2024-07-22T15:05:43.692+08:00  WARN 6416 --- [spring-boot-admin-server-b] [Thread-17] c.a.n.common.http.HttpClientBeanHolder   : [HttpClientBeanHolder] Start destroying common HttpClient
2024-07-22T15:05:43.699+08:00  WARN 6416 --- [spring-boot-admin-server-b] [Thread-15] c.a.nacos.common.notify.NotifyCenter     : [NotifyCenter] Destruction of the end
2024-07-22T15:05:43.700+08:00  WARN 6416 --- [spring-boot-admin-server-b] [Thread-17] c.a.n.common.http.HttpClientBeanHolder   : [HttpClientBeanHolder] Destruction of the end
2024-07-22T15:05:46.073+08:00  INFO 6416 --- [spring-boot-admin-server-b] [SpringApplicationShutdownHook] c.a.c.n.registry.NacosServiceRegistry    : De-registering from Nacos Server now...
2024-07-22T15:05:46.075+08:00  INFO 6416 --- [spring-boot-admin-server-b] [SpringApplicationShutdownHook] com.alibaba.nacos.client.naming          : [DEREGISTER-SERVICE] public deregistering service spring-boot-admin-server-b with instance: Instance{instanceId='null', ip='192.168.1.6', port=8080, weight=1.0, healthy=true, enabled=true, ephemeral=true, clusterName='DEFAULT', serviceName='null', metadata={}}
2024-07-22T15:05:46.157+08:00  INFO 6416 --- [spring-boot-admin-server-b] [SpringApplicationShutdownHook] c.a.c.n.registry.NacosServiceRegistry    : De-registration finished.
2024-07-22T15:05:46.215+08:00  INFO 6416 --- [spring-boot-admin-server-b] [SpringApplicationShutdownHook] com.alibaba.nacos.client.naming          : com.alibaba.nacos.client.naming.cache.ServiceInfoHolder do shutdown begin
2024-07-22T15:05:46.220+08:00  INFO 6416 --- [spring-boot-admin-server-b] [SpringApplicationShutdownHook] com.alibaba.nacos.client.naming          : com.alibaba.nacos.client.naming.backups.FailoverReactor do shutdown begin
2024-07-22T15:05:46.226+08:00  INFO 6416 --- [spring-boot-admin-server-b] [SpringApplicationShutdownHook] com.alibaba.nacos.client.naming          : com.alibaba.nacos.client.naming.backups.FailoverReactor do shutdown stop
2024-07-22T15:05:46.227+08:00  INFO 6416 --- [spring-boot-admin-server-b] [SpringApplicationShutdownHook] com.alibaba.nacos.client.naming          : com.alibaba.nacos.client.naming.cache.ServiceInfoHolder do shutdown stop
2024-07-22T15:05:46.227+08:00  INFO 6416 --- [spring-boot-admin-server-b] [SpringApplicationShutdownHook] com.alibaba.nacos.client.naming          : com.alibaba.nacos.client.naming.remote.NamingClientProxyDelegate do shutdown begin
2024-07-22T15:05:46.227+08:00  INFO 6416 --- [spring-boot-admin-server-b] [SpringApplicationShutdownHook] com.alibaba.nacos.client.naming          : com.alibaba.nacos.client.naming.core.ServiceInfoUpdateService do shutdown begin
2024-07-22T15:05:46.227+08:00  INFO 6416 --- [spring-boot-admin-server-b] [SpringApplicationShutdownHook] com.alibaba.nacos.client.naming          : com.alibaba.nacos.client.naming.core.ServiceInfoUpdateService do shutdown stop
2024-07-22T15:05:46.227+08:00  INFO 6416 --- [spring-boot-admin-server-b] [SpringApplicationShutdownHook] com.alibaba.nacos.client.naming          : com.alibaba.nacos.client.naming.core.ServerListManager do shutdown begin
2024-07-22T15:05:46.227+08:00  WARN 6416 --- [spring-boot-admin-server-b] [SpringApplicationShutdownHook] com.alibaba.nacos.client.naming          : [NamingHttpClientManager] Start destroying NacosRestTemplate
2024-07-22T15:05:46.227+08:00  WARN 6416 --- [spring-boot-admin-server-b] [SpringApplicationShutdownHook] com.alibaba.nacos.client.naming          : [NamingHttpClientManager] Destruction of the end
2024-07-22T15:05:46.227+08:00  INFO 6416 --- [spring-boot-admin-server-b] [SpringApplicationShutdownHook] com.alibaba.nacos.client.naming          : com.alibaba.nacos.client.naming.core.ServerListManager do shutdown stop
2024-07-22T15:05:46.228+08:00  INFO 6416 --- [spring-boot-admin-server-b] [SpringApplicationShutdownHook] com.alibaba.nacos.client.naming          : com.alibaba.nacos.client.naming.remote.http.NamingHttpClientProxy do shutdown begin
2024-07-22T15:05:46.228+08:00  WARN 6416 --- [spring-boot-admin-server-b] [SpringApplicationShutdownHook] com.alibaba.nacos.client.naming          : [NamingHttpClientManager] Start destroying NacosRestTemplate
2024-07-22T15:05:46.228+08:00  WARN 6416 --- [spring-boot-admin-server-b] [SpringApplicationShutdownHook] com.alibaba.nacos.client.naming          : [NamingHttpClientManager] Destruction of the end
2024-07-22T15:05:46.228+08:00  INFO 6416 --- [spring-boot-admin-server-b] [SpringApplicationShutdownHook] com.alibaba.nacos.client.naming          : com.alibaba.nacos.client.naming.remote.http.NamingHttpClientProxy do shutdown stop
2024-07-22T15:05:46.228+08:00  INFO 6416 --- [spring-boot-admin-server-b] [SpringApplicationShutdownHook] com.alibaba.nacos.client.naming          : Shutdown naming grpc client proxy for  uuid->0d336f67-4af6-4d81-9bc4-21f887e1e94a
2024-07-22T15:05:46.228+08:00  INFO 6416 --- [spring-boot-admin-server-b] [SpringApplicationShutdownHook] com.alibaba.nacos.client.naming          : Shutdown grpc redo service executor java.util.concurrent.ScheduledThreadPoolExecutor@10e79756[Running, pool size = 1, active threads = 0, queued tasks = 1, completed tasks = 418]
2024-07-22T15:05:46.229+08:00  INFO 6416 --- [spring-boot-admin-server-b] [SpringApplicationShutdownHook] com.alibaba.nacos.common.remote.client   : Shutdown rpc client, set status to shutdown
2024-07-22T15:05:46.229+08:00  INFO 6416 --- [spring-boot-admin-server-b] [SpringApplicationShutdownHook] com.alibaba.nacos.common.remote.client   : Shutdown client event executor java.util.concurrent.ScheduledThreadPoolExecutor@695cdea9[Running, pool size = 2, active threads = 2, queued tasks = 0, completed tasks = 0]
2024-07-22T15:05:46.229+08:00  INFO 6416 --- [spring-boot-admin-server-b] [SpringApplicationShutdownHook] com.alibaba.nacos.common.remote.client   : Close current connection 1721630686629_127.0.0.1_64056
2024-07-22T15:05:46.252+08:00  INFO 6416 --- [spring-boot-admin-server-b] [SpringApplicationShutdownHook] c.a.n.c.remote.client.grpc.GrpcClient    : Shutdown grpc executor java.util.concurrent.ThreadPoolExecutor@e8c01b[Running, pool size = 5, active threads = 1, queued tasks = 0, completed tasks = 277]
2024-07-22T15:05:46.253+08:00  INFO 6416 --- [spring-boot-admin-server-b] [SpringApplicationShutdownHook] com.alibaba.nacos.client.naming          : shutdown and remove naming rpc client  for uuid ->0d336f67-4af6-4d81-9bc4-21f887e1e94a
2024-07-22T15:05:46.255+08:00  INFO 6416 --- [spring-boot-admin-server-b] [SpringApplicationShutdownHook] c.a.n.c.a.r.identify.CredentialWatcher   : [null] CredentialWatcher is stopped
2024-07-22T15:05:46.256+08:00  INFO 6416 --- [spring-boot-admin-server-b] [SpringApplicationShutdownHook] c.a.n.c.a.r.identify.CredentialService   : [null] CredentialService is freed
2024-07-22T15:05:46.279+08:00  INFO 6416 --- [spring-boot-admin-server-b] [nacos-grpc-client-executor-127.0.0.1-277] c.a.n.c.remote.client.grpc.GrpcClient    : [1721630686629_127.0.0.1_64056]Ignore complete event,isRunning:false,isAbandon=false
2024-07-22T15:05:46.279+08:00  INFO 6416 --- [spring-boot-admin-server-b] [com.alibaba.nacos.client.remote.worker.0] com.alibaba.nacos.common.remote.client   : [0d336f67-4af6-4d81-9bc4-21f887e1e94a] Notify disconnected event to listeners
2024-07-22T15:05:46.280+08:00  INFO 6416 --- [spring-boot-admin-server-b] [SpringApplicationShutdownHook] com.alibaba.nacos.client.naming          : com.alibaba.nacos.client.naming.remote.NamingClientProxyDelegate do shutdown stop
2024-07-22T15:05:46.280+08:00  WARN 6416 --- [spring-boot-admin-server-b] [com.alibaba.nacos.client.remote.worker.0] com.alibaba.nacos.client.naming          : Grpc connection disconnect, mark to redo
2024-07-22T15:05:46.282+08:00  WARN 6416 --- [spring-boot-admin-server-b] [com.alibaba.nacos.client.remote.worker.0] com.alibaba.nacos.client.naming          : mark to redo completed
