2024-07-22T14:23:38.533+08:00  INFO 15068 --- [spring-boot-admin-client-a] [main] i.y.sca.admin.SpringBootAdminClientA1    : Starting SpringBootAdminClientA1 using Java 17.0.10 with PID 15068 (D:\spring-cloud-admin\spring-cloud-admin\spring-cloud-admin-SpringBootAdmin\spring-boot-admin-examples\spring-boot-admin-examples-nacos\spring-boot-admin-client-a\target\classes started by Administrator in D:\spring-cloud-admin\spring-cloud-admin)
2024-07-22T14:23:38.537+08:00  INFO 15068 --- [spring-boot-admin-client-a] [main] i.y.sca.admin.SpringBootAdminClientA1    : The following 1 profile is active: "a1"
2024-07-22T14:23:39.851+08:00  INFO 15068 --- [spring-boot-admin-client-a] [main] o.s.cloud.context.scope.GenericScope     : BeanFactory id=e93bd137-1dbe-346e-8a48-02f9217da077
2024-07-22T14:23:40.151+08:00  INFO 15068 --- [spring-boot-admin-client-a] [main] o.s.b.w.embedded.tomcat.TomcatWebServer  : Tomcat initialized with port 8083 (http)
2024-07-22T14:23:40.164+08:00  INFO 15068 --- [spring-boot-admin-client-a] [main] o.apache.catalina.core.StandardService   : Starting service [Tomcat]
2024-07-22T14:23:40.165+08:00  INFO 15068 --- [spring-boot-admin-client-a] [main] o.apache.catalina.core.StandardEngine    : Starting Servlet engine: [Apache Tomcat/10.1.19]
2024-07-22T14:23:40.227+08:00  INFO 15068 --- [spring-boot-admin-client-a] [main] o.a.c.c.C.[Tomcat].[localhost].[/]       : Initializing Spring embedded WebApplicationContext
2024-07-22T14:23:40.228+08:00  INFO 15068 --- [spring-boot-admin-client-a] [main] w.s.c.ServletWebServerApplicationContext : Root WebApplicationContext: initialization completed in 1547 ms
2024-07-22T14:23:41.332+08:00  INFO 15068 --- [spring-boot-admin-client-a] [main] o.s.b.a.e.web.EndpointLinksResolver      : Exposing 18 endpoint(s) beneath base path '/actuator'
2024-07-22T14:23:41.415+08:00  INFO 15068 --- [spring-boot-admin-client-a] [main] o.s.b.w.embedded.tomcat.TomcatWebServer  : Tomcat started on port 8083 (http) with context path ''
2024-07-22T14:23:41.421+08:00  INFO 15068 --- [spring-boot-admin-client-a] [main] com.alibaba.nacos.client.naming          : initializer namespace from ans.namespace attribute : null
2024-07-22T14:23:41.424+08:00  INFO 15068 --- [spring-boot-admin-client-a] [main] com.alibaba.nacos.client.naming          : initializer namespace from ALIBABA_ALIWARE_NAMESPACE attribute :null
2024-07-22T14:23:41.425+08:00  INFO 15068 --- [spring-boot-admin-client-a] [main] com.alibaba.nacos.client.naming          : initializer namespace from namespace attribute :null
2024-07-22T14:23:41.426+08:00  INFO 15068 --- [spring-boot-admin-client-a] [Thread-4] c.a.n.c.a.r.identify.CredentialWatcher   : null No credential found
2024-07-22T14:23:41.436+08:00  INFO 15068 --- [spring-boot-admin-client-a] [main] com.alibaba.nacos.client.naming          : FailoverDataSource type is class com.alibaba.nacos.client.naming.backups.datasource.DiskFailoverDataSource
2024-07-22T14:23:41.445+08:00  INFO 15068 --- [spring-boot-admin-client-a] [main] c.alibaba.nacos.client.utils.ParamUtil   : [settings] [req-serv] nacos-server port:8848
2024-07-22T14:23:41.446+08:00  INFO 15068 --- [spring-boot-admin-client-a] [main] c.alibaba.nacos.client.utils.ParamUtil   : [settings] [http-client] connect timeout:1000
2024-07-22T14:23:41.447+08:00  INFO 15068 --- [spring-boot-admin-client-a] [main] c.alibaba.nacos.client.utils.ParamUtil   : PER_TASK_CONFIG_SIZE: 3000.0
2024-07-22T14:23:41.452+08:00  INFO 15068 --- [spring-boot-admin-client-a] [main] c.a.n.p.a.s.c.ClientAuthPluginManager    : [ClientAuthPluginManager] Load ClientAuthService com.alibaba.nacos.client.auth.impl.NacosClientAuthServiceImpl success.
2024-07-22T14:23:41.452+08:00  INFO 15068 --- [spring-boot-admin-client-a] [main] c.a.n.p.a.s.c.ClientAuthPluginManager    : [ClientAuthPluginManager] Load ClientAuthService com.alibaba.nacos.client.auth.ram.RamClientAuthServiceImpl success.
2024-07-22T14:23:41.599+08:00  INFO 15068 --- [spring-boot-admin-client-a] [main] com.alibaba.nacos.common.remote.client   : [RpcClientFactory] create a new rpc client of 431e9b6a-a471-4791-861c-588032b67652
2024-07-22T14:23:41.628+08:00  INFO 15068 --- [spring-boot-admin-client-a] [main] com.alibaba.nacos.client.naming          : Create naming rpc client for uuid->431e9b6a-a471-4791-861c-588032b67652
2024-07-22T14:23:41.630+08:00  INFO 15068 --- [spring-boot-admin-client-a] [main] com.alibaba.nacos.common.remote.client   : [431e9b6a-a471-4791-861c-588032b67652] RpcClient init, ServerListFactory = com.alibaba.nacos.client.naming.core.ServerListManager
2024-07-22T14:23:41.630+08:00  INFO 15068 --- [spring-boot-admin-client-a] [main] com.alibaba.nacos.common.remote.client   : [431e9b6a-a471-4791-861c-588032b67652] Registry connection listener to current client:com.alibaba.nacos.client.naming.remote.gprc.redo.NamingGrpcRedoService
2024-07-22T14:23:41.630+08:00  INFO 15068 --- [spring-boot-admin-client-a] [main] com.alibaba.nacos.common.remote.client   : [431e9b6a-a471-4791-861c-588032b67652] Register server push request handler:com.alibaba.nacos.client.naming.remote.gprc.NamingPushRequestHandler
2024-07-22T14:23:41.632+08:00  INFO 15068 --- [spring-boot-admin-client-a] [main] com.alibaba.nacos.common.remote.client   : [431e9b6a-a471-4791-861c-588032b67652] Try to connect to server on start up, server: {serverIp = '127.0.0.1', server main port = 8848}
2024-07-22T14:23:41.651+08:00  INFO 15068 --- [spring-boot-admin-client-a] [main] c.a.n.c.remote.client.grpc.GrpcClient    : grpc client connection server:127.0.0.1 ip,serverPort:9848,grpcTslConfig:{"sslProvider":"","enableTls":false,"mutualAuthEnable":false,"trustAll":false}
2024-07-22T14:23:42.280+08:00  INFO 15068 --- [spring-boot-admin-client-a] [main] c.a.n.c.a.AbstractAbilityControlManager  : Ready to get current node abilities...
2024-07-22T14:23:42.281+08:00  INFO 15068 --- [spring-boot-admin-client-a] [main] c.a.n.c.a.AbstractAbilityControlManager  : Ready to initialize current node abilities, support modes: [SDK_CLIENT]
2024-07-22T14:23:42.281+08:00  INFO 15068 --- [spring-boot-admin-client-a] [main] c.a.n.c.a.AbstractAbilityControlManager  : Initialize current abilities finish...
2024-07-22T14:23:42.282+08:00  INFO 15068 --- [spring-boot-admin-client-a] [main] c.a.n.c.a.d.NacosAbilityManagerHolder    : [AbilityControlManager] Successfully initialize AbilityControlManager
2024-07-22T14:23:42.299+08:00  INFO 15068 --- [spring-boot-admin-client-a] [main] com.alibaba.nacos.common.remote.client   : [431e9b6a-a471-4791-861c-588032b67652] Success to connect to server [127.0.0.1:8848] on start up, connectionId = 1721629422218_127.0.0.1_63297
2024-07-22T14:23:42.300+08:00  INFO 15068 --- [spring-boot-admin-client-a] [com.alibaba.nacos.client.remote.worker.0] com.alibaba.nacos.common.remote.client   : [431e9b6a-a471-4791-861c-588032b67652] Notify connected event to listeners.
2024-07-22T14:23:42.300+08:00  INFO 15068 --- [spring-boot-admin-client-a] [com.alibaba.nacos.client.remote.worker.0] com.alibaba.nacos.client.naming          : Grpc connection connect
2024-07-22T14:23:42.300+08:00  INFO 15068 --- [spring-boot-admin-client-a] [main] com.alibaba.nacos.common.remote.client   : [431e9b6a-a471-4791-861c-588032b67652] Register server push request handler:com.alibaba.nacos.common.remote.client.RpcClient$ConnectResetRequestHandler
2024-07-22T14:23:42.300+08:00  INFO 15068 --- [spring-boot-admin-client-a] [main] com.alibaba.nacos.common.remote.client   : [431e9b6a-a471-4791-861c-588032b67652] Register server push request handler:com.alibaba.nacos.common.remote.client.RpcClient$$Lambda$1057/0x000001c98f63d9e8
2024-07-22T14:23:42.301+08:00  INFO 15068 --- [spring-boot-admin-client-a] [main] com.alibaba.nacos.client.naming          : [REGISTER-SERVICE] public registering service spring-boot-admin-client-a with instance Instance{instanceId='null', ip='192.168.1.6', port=8083, weight=1.0, healthy=true, enabled=true, ephemeral=true, clusterName='DEFAULT', serviceName='null', metadata={IPv6=null, preserved.register.source=SPRING_CLOUD}}
2024-07-22T14:23:42.315+08:00  INFO 15068 --- [spring-boot-admin-client-a] [main] c.a.c.n.registry.NacosServiceRegistry    : nacos registry, DEFAULT_GROUP spring-boot-admin-client-a 192.168.1.6:8083 register finished
2024-07-22T14:23:42.488+08:00  INFO 15068 --- [spring-boot-admin-client-a] [main] i.y.sca.admin.SpringBootAdminClientA1    : Started SpringBootAdminClientA1 in 5.942 seconds (process running for 8.171)
2024-07-22T14:25:58.231+08:00  WARN 15068 --- [spring-boot-admin-client-a] [Thread-8] c.a.n.common.http.HttpClientBeanHolder   : [HttpClientBeanHolder] Start destroying common HttpClient
2024-07-22T14:25:58.231+08:00  WARN 15068 --- [spring-boot-admin-client-a] [Thread-6] c.a.nacos.common.notify.NotifyCenter     : [NotifyCenter] Start destroying Publisher
2024-07-22T14:25:58.232+08:00  WARN 15068 --- [spring-boot-admin-client-a] [Thread-6] c.a.nacos.common.notify.NotifyCenter     : [NotifyCenter] Destruction of the end
2024-07-22T14:25:58.233+08:00  WARN 15068 --- [spring-boot-admin-client-a] [Thread-8] c.a.n.common.http.HttpClientBeanHolder   : [HttpClientBeanHolder] Destruction of the end
2024-07-22T14:25:58.252+08:00  INFO 15068 --- [spring-boot-admin-client-a] [SpringApplicationShutdownHook] c.a.c.n.registry.NacosServiceRegistry    : De-registering from Nacos Server now...
2024-07-22T14:25:58.252+08:00  INFO 15068 --- [spring-boot-admin-client-a] [SpringApplicationShutdownHook] com.alibaba.nacos.client.naming          : [DEREGISTER-SERVICE] public deregistering service spring-boot-admin-client-a with instance: Instance{instanceId='null', ip='192.168.1.6', port=8083, weight=1.0, healthy=true, enabled=true, ephemeral=true, clusterName='DEFAULT', serviceName='null', metadata={}}
2024-07-22T14:25:58.260+08:00  INFO 15068 --- [spring-boot-admin-client-a] [SpringApplicationShutdownHook] c.a.c.n.registry.NacosServiceRegistry    : De-registration finished.
2024-07-22T14:25:58.261+08:00  INFO 15068 --- [spring-boot-admin-client-a] [SpringApplicationShutdownHook] com.alibaba.nacos.client.naming          : com.alibaba.nacos.client.naming.cache.ServiceInfoHolder do shutdown begin
2024-07-22T14:25:58.261+08:00  INFO 15068 --- [spring-boot-admin-client-a] [SpringApplicationShutdownHook] com.alibaba.nacos.client.naming          : com.alibaba.nacos.client.naming.backups.FailoverReactor do shutdown begin
2024-07-22T14:25:58.261+08:00  INFO 15068 --- [spring-boot-admin-client-a] [SpringApplicationShutdownHook] com.alibaba.nacos.client.naming          : com.alibaba.nacos.client.naming.backups.FailoverReactor do shutdown stop
2024-07-22T14:25:58.261+08:00  INFO 15068 --- [spring-boot-admin-client-a] [SpringApplicationShutdownHook] com.alibaba.nacos.client.naming          : com.alibaba.nacos.client.naming.cache.ServiceInfoHolder do shutdown stop
2024-07-22T14:25:58.261+08:00  INFO 15068 --- [spring-boot-admin-client-a] [SpringApplicationShutdownHook] com.alibaba.nacos.client.naming          : com.alibaba.nacos.client.naming.remote.NamingClientProxyDelegate do shutdown begin
2024-07-22T14:25:58.262+08:00  INFO 15068 --- [spring-boot-admin-client-a] [SpringApplicationShutdownHook] com.alibaba.nacos.client.naming          : com.alibaba.nacos.client.naming.core.ServiceInfoUpdateService do shutdown begin
2024-07-22T14:25:58.262+08:00  INFO 15068 --- [spring-boot-admin-client-a] [SpringApplicationShutdownHook] com.alibaba.nacos.client.naming          : com.alibaba.nacos.client.naming.core.ServiceInfoUpdateService do shutdown stop
2024-07-22T14:25:58.262+08:00  INFO 15068 --- [spring-boot-admin-client-a] [SpringApplicationShutdownHook] com.alibaba.nacos.client.naming          : com.alibaba.nacos.client.naming.core.ServerListManager do shutdown begin
2024-07-22T14:25:58.262+08:00  WARN 15068 --- [spring-boot-admin-client-a] [SpringApplicationShutdownHook] com.alibaba.nacos.client.naming          : [NamingHttpClientManager] Start destroying NacosRestTemplate
2024-07-22T14:25:58.262+08:00  WARN 15068 --- [spring-boot-admin-client-a] [SpringApplicationShutdownHook] com.alibaba.nacos.client.naming          : [NamingHttpClientManager] Destruction of the end
2024-07-22T14:25:58.262+08:00  INFO 15068 --- [spring-boot-admin-client-a] [SpringApplicationShutdownHook] com.alibaba.nacos.client.naming          : com.alibaba.nacos.client.naming.core.ServerListManager do shutdown stop
2024-07-22T14:25:58.262+08:00  INFO 15068 --- [spring-boot-admin-client-a] [SpringApplicationShutdownHook] com.alibaba.nacos.client.naming          : com.alibaba.nacos.client.naming.remote.http.NamingHttpClientProxy do shutdown begin
2024-07-22T14:25:58.262+08:00  WARN 15068 --- [spring-boot-admin-client-a] [SpringApplicationShutdownHook] com.alibaba.nacos.client.naming          : [NamingHttpClientManager] Start destroying NacosRestTemplate
2024-07-22T14:25:58.262+08:00  WARN 15068 --- [spring-boot-admin-client-a] [SpringApplicationShutdownHook] com.alibaba.nacos.client.naming          : [NamingHttpClientManager] Destruction of the end
2024-07-22T14:25:58.262+08:00  INFO 15068 --- [spring-boot-admin-client-a] [SpringApplicationShutdownHook] com.alibaba.nacos.client.naming          : com.alibaba.nacos.client.naming.remote.http.NamingHttpClientProxy do shutdown stop
2024-07-22T14:25:58.262+08:00  INFO 15068 --- [spring-boot-admin-client-a] [SpringApplicationShutdownHook] com.alibaba.nacos.client.naming          : Shutdown naming grpc client proxy for  uuid->431e9b6a-a471-4791-861c-588032b67652
2024-07-22T14:25:58.262+08:00  INFO 15068 --- [spring-boot-admin-client-a] [SpringApplicationShutdownHook] com.alibaba.nacos.client.naming          : Shutdown grpc redo service executor java.util.concurrent.ScheduledThreadPoolExecutor@34b07d2b[Running, pool size = 1, active threads = 0, queued tasks = 1, completed tasks = 45]
2024-07-22T14:25:58.263+08:00  INFO 15068 --- [spring-boot-admin-client-a] [SpringApplicationShutdownHook] com.alibaba.nacos.common.remote.client   : Shutdown rpc client, set status to shutdown
2024-07-22T14:25:58.263+08:00  INFO 15068 --- [spring-boot-admin-client-a] [SpringApplicationShutdownHook] com.alibaba.nacos.common.remote.client   : Shutdown client event executor java.util.concurrent.ScheduledThreadPoolExecutor@7050a232[Running, pool size = 2, active threads = 2, queued tasks = 0, completed tasks = 0]
2024-07-22T14:25:58.263+08:00  INFO 15068 --- [spring-boot-admin-client-a] [SpringApplicationShutdownHook] com.alibaba.nacos.common.remote.client   : Close current connection 1721629422218_127.0.0.1_63297
2024-07-22T14:25:58.265+08:00  INFO 15068 --- [spring-boot-admin-client-a] [nacos-grpc-client-executor-127.0.0.1-46] c.a.n.c.remote.client.grpc.GrpcClient    : [1721629422218_127.0.0.1_63297]Ignore complete event,isRunning:false,isAbandon=false
2024-07-22T14:25:58.270+08:00  INFO 15068 --- [spring-boot-admin-client-a] [SpringApplicationShutdownHook] c.a.n.c.remote.client.grpc.GrpcClient    : Shutdown grpc executor java.util.concurrent.ThreadPoolExecutor@56260e7d[Running, pool size = 4, active threads = 0, queued tasks = 0, completed tasks = 48]
2024-07-22T14:25:58.270+08:00  INFO 15068 --- [spring-boot-admin-client-a] [SpringApplicationShutdownHook] com.alibaba.nacos.client.naming          : shutdown and remove naming rpc client  for uuid ->431e9b6a-a471-4791-861c-588032b67652
2024-07-22T14:25:58.272+08:00  INFO 15068 --- [spring-boot-admin-client-a] [SpringApplicationShutdownHook] c.a.n.c.a.r.identify.CredentialWatcher   : [null] CredentialWatcher is stopped
2024-07-22T14:25:58.272+08:00  INFO 15068 --- [spring-boot-admin-client-a] [SpringApplicationShutdownHook] c.a.n.c.a.r.identify.CredentialService   : [null] CredentialService is freed
2024-07-22T14:25:58.272+08:00  INFO 15068 --- [spring-boot-admin-client-a] [SpringApplicationShutdownHook] com.alibaba.nacos.client.naming          : com.alibaba.nacos.client.naming.remote.NamingClientProxyDelegate do shutdown stop
